C:\USERS\PHG\DESKTOP\CODE\LIBRARIES\LEVMAR-2.6\INCLUDE\RELEASE\MISC.OBJ
C:\USERS\PHG\DESKTOP\CODE\LIBRARIES\LEVMAR-2.6\INCLUDE\RELEASE\LMLEC.OBJ
C:\USERS\PHG\DESKTOP\CODE\LIBRARIES\LEVMAR-2.6\INCLUDE\RELEASE\LMDEMO.OBJ
C:\USERS\PHG\DESKTOP\CODE\LIBRARIES\LEVMAR-2.6\INCLUDE\RELEASE\LMBLEIC.OBJ
C:\USERS\PHG\DESKTOP\CODE\LIBRARIES\LEVMAR-2.6\INCLUDE\RELEASE\LMBLEC.OBJ
C:\USERS\PHG\DESKTOP\CODE\LIBRARIES\LEVMAR-2.6\INCLUDE\RELEASE\LMBC.OBJ
C:\USERS\PHG\DESKTOP\CODE\LIBRARIES\LEVMAR-2.6\INCLUDE\RELEASE\LM.OBJ
C:\USERS\PHG\DESKTOP\CODE\LIBRARIES\LEVMAR-2.6\INCLUDE\RELEASE\AXB.OBJ
C:\USERS\PHG\DESKTOP\CODE\LIBRARIES\LEVMAR-2.6\INCLUDE\RELEASE\VC110.PDB
C:\USERS\PHG\DESKTOP\CODE\LIBRARIES\LEVMAR-2.6\INCLUDE\RELEASE\LEVMAR32.LIB
C:\Users\PhG\Desktop\Code\Libraries\levmar-2.6\include\Release\Axb.obj
C:\Users\PhG\Desktop\Code\Libraries\levmar-2.6\include\Release\lm.obj
C:\Users\PhG\Desktop\Code\Libraries\levmar-2.6\include\Release\lmbc.obj
C:\Users\PhG\Desktop\Code\Libraries\levmar-2.6\include\Release\lmblec.obj
C:\Users\PhG\Desktop\Code\Libraries\levmar-2.6\include\Release\lmbleic.obj
C:\Users\PhG\Desktop\Code\Libraries\levmar-2.6\include\Release\lmdemo.obj
C:\Users\PhG\Desktop\Code\Libraries\levmar-2.6\include\Release\lmlec.obj
C:\Users\PhG\Desktop\Code\Libraries\levmar-2.6\include\Release\misc.obj
C:\Users\PhG\Desktop\Code\Libraries\levmar-2.6\include\Release\cl.command.1.tlog
C:\Users\PhG\Desktop\Code\Libraries\levmar-2.6\include\Release\CL.read.1.tlog
C:\Users\PhG\Desktop\Code\Libraries\levmar-2.6\include\Release\CL.write.1.tlog
C:\Users\PhG\Desktop\Code\Libraries\levmar-2.6\include\Release\Lib-link.read.1.tlog
C:\Users\PhG\Desktop\Code\Libraries\levmar-2.6\include\Release\Lib-link.write.1.tlog
C:\Users\PhG\Desktop\Code\Libraries\levmar-2.6\include\Release\lib.command.1.tlog
C:\Users\PhG\Desktop\Code\Libraries\levmar-2.6\include\Release\vc110.pdb
C:\Users\PhG\Desktop\Code\Libraries\levmar-2.6\include\Release\levmar32.lib
