Build started 12/7/2013 3:31:06 PM.
     1>Project "C:\Users\PhG\Desktop\Code\Libraries\levmar-2.6\include\levmar.vcxproj" on node 2 (Build target(s)).
     1>C:\Program Files (x86)\MSBuild\Microsoft.Cpp\v4.0\V110\Microsoft.CppBuild.targets(346,5): warning MSB8004: Output Directory does not end with a trailing slash.  This build instance will add the slash as it is required to allow proper evaluation of the Output Directory.
     1>Lib:
         C:\Program Files (x86)\Microsoft Visual Studio 11.0\VC\bin\x86_amd64\Lib.exe /OUT:"..\lib\levmar64d.lib" mkl_intel_lp64_dll.lib mkl_intel_thread_dll.lib mkl_core_dll.lib libiomp5md.lib /NOLOGO /MACHINE:X64 x64\Debug\Axb.obj
         x64\Debug\lm.obj
         x64\Debug\lmbc.obj
         x64\Debug\lmblec.obj
         x64\Debug\lmbleic.obj
         x64\Debug\lmdemo.obj
         x64\Debug\lmlec.obj
         x64\Debug\misc.obj
     1>mkl_intel_thread_dll.lib(mkl_intel_thread.dll) : warning LNK4006: __NULL_IMPORT_DESCRIPTOR already defined in mkl_intel_lp64_dll.lib(libimalloc.dll); second definition ignored
     1>mkl_intel_thread_dll.lib(mkl_intel_thread.dll) : warning LNK4221: This object file does not define any previously undefined public symbols, so it will not be used by any link operation that consumes this library
     1>libiomp5md.lib(libiomp5md.dll) : warning LNK4006: __NULL_IMPORT_DESCRIPTOR already defined in mkl_intel_lp64_dll.lib(libimalloc.dll); second definition ignored
     1>libiomp5md.lib(libiomp5md.dll) : warning LNK4221: This object file does not define any previously undefined public symbols, so it will not be used by any link operation that consumes this library
         levmar.vcxproj -> C:\Users\PhG\Desktop\Code\Libraries\levmar-2.6\include\..\lib\levmar64d.lib
     1>Done Building Project "C:\Users\PhG\Desktop\Code\Libraries\levmar-2.6\include\levmar.vcxproj" (Build target(s)).

Build succeeded.

Time Elapsed 00:00:01.91
