C:\USERS\PHG\DESKTOP\CODE\LIBRARIES\LEVMAR-2.6\INCLUDE\X64\DEBUG\AXB.OBJ
C:\USERS\PHG\DESKTOP\CODE\LIBRARIES\LEVMAR-2.6\INCLUDE\X64\DEBUG\LM.OBJ
C:\USERS\PHG\DESKTOP\CODE\LIBRARIES\LEVMAR-2.6\INCLUDE\X64\DEBUG\LMBC.OBJ
C:\USERS\PHG\DESKTOP\CODE\LIBRARIES\LEVMAR-2.6\INCLUDE\X64\DEBUG\LMBLEC.OBJ
C:\USERS\PHG\DESKTOP\CODE\LIBRARIES\LEVMAR-2.6\INCLUDE\X64\DEBUG\LMBLEIC.OBJ
C:\USERS\PHG\DESKTOP\CODE\LIBRARIES\LEVMAR-2.6\INCLUDE\X64\DEBUG\LMDEMO.OBJ
C:\USERS\PHG\DESKTOP\CODE\LIBRARIES\LEVMAR-2.6\INCLUDE\X64\DEBUG\LMLEC.OBJ
C:\USERS\PHG\DESKTOP\CODE\LIBRARIES\LEVMAR-2.6\INCLUDE\X64\DEBUG\MISC.OBJ
C:\USERS\PHG\DESKTOP\CODE\LIBRARIES\LEVMAR-2.6\INCLUDE\X64\DEBUG\VC110.PDB
C:\USERS\PHG\DESKTOP\CODE\LIBRARIES\LEVMAR-2.6\INCLUDE\X64\DEBUG\LEVMAR64D.LIB
C:\Users\PhG\Desktop\Code\Libraries\levmar-2.6\include\x64\Debug\Axb.obj
C:\Users\PhG\Desktop\Code\Libraries\levmar-2.6\include\x64\Debug\lm.obj
C:\Users\PhG\Desktop\Code\Libraries\levmar-2.6\include\x64\Debug\lmbc.obj
C:\Users\PhG\Desktop\Code\Libraries\levmar-2.6\include\x64\Debug\lmblec.obj
C:\Users\PhG\Desktop\Code\Libraries\levmar-2.6\include\x64\Debug\lmbleic.obj
C:\Users\PhG\Desktop\Code\Libraries\levmar-2.6\include\x64\Debug\lmdemo.obj
C:\Users\PhG\Desktop\Code\Libraries\levmar-2.6\include\x64\Debug\lmlec.obj
C:\Users\PhG\Desktop\Code\Libraries\levmar-2.6\include\x64\Debug\misc.obj
C:\Users\PhG\Desktop\Code\Libraries\levmar-2.6\include\x64\Debug\cl.command.1.tlog
C:\Users\PhG\Desktop\Code\Libraries\levmar-2.6\include\x64\Debug\CL.read.1.tlog
C:\Users\PhG\Desktop\Code\Libraries\levmar-2.6\include\x64\Debug\CL.write.1.tlog
C:\Users\PhG\Desktop\Code\Libraries\levmar-2.6\include\x64\Debug\Lib-link.read.1.tlog
C:\Users\PhG\Desktop\Code\Libraries\levmar-2.6\include\x64\Debug\Lib-link.write.1.tlog
C:\Users\PhG\Desktop\Code\Libraries\levmar-2.6\include\x64\Debug\lib.command.1.tlog
C:\Users\PhG\Desktop\Code\Libraries\levmar-2.6\include\x64\Debug\vc110.idb
C:\Users\PhG\Desktop\Code\Libraries\levmar-2.6\include\x64\Debug\vc110.pdb
C:\Users\PhG\Desktop\Code\Libraries\levmar-2.6\include\x64\Debug\levmar64d.lib
