C:\USERS\PHG\DESKTOP\CODE\LIBRARIES\LEVMAR-2.6\INCLUDE\DEBUG\AXB.OBJ
C:\USERS\PHG\DESKTOP\CODE\LIBRARIES\LEVMAR-2.6\INCLUDE\DEBUG\LM.OBJ
C:\USERS\PHG\DESKTOP\CODE\LIBRARIES\LEVMAR-2.6\INCLUDE\DEBUG\LMBC.OBJ
C:\USERS\PHG\DESKTOP\CODE\LIBRARIES\LEVMAR-2.6\INCLUDE\DEBUG\LMBLEC.OBJ
C:\USERS\PHG\DESKTOP\CODE\LIBRARIES\LEVMAR-2.6\INCLUDE\DEBUG\LMBLEIC.OBJ
C:\USERS\PHG\DESKTOP\CODE\LIBRARIES\LEVMAR-2.6\INCLUDE\DEBUG\LMDEMO.OBJ
C:\USERS\PHG\DESKTOP\CODE\LIBRARIES\LEVMAR-2.6\INCLUDE\DEBUG\LMLEC.OBJ
C:\USERS\PHG\DESKTOP\CODE\LIBRARIES\LEVMAR-2.6\INCLUDE\DEBUG\MISC.OBJ
C:\USERS\PHG\DESKTOP\CODE\LIBRARIES\LEVMAR-2.6\INCLUDE\DEBUG\VC110.PDB
C:\USERS\PHG\DESKTOP\CODE\LIBRARIES\LEVMAR-2.6\LIB\LEVMAR32D.LIB
C:\Users\PhG\Desktop\Code\Libraries\levmar-2.6\include\Debug\Axb.obj
C:\Users\PhG\Desktop\Code\Libraries\levmar-2.6\include\Debug\lm.obj
C:\Users\PhG\Desktop\Code\Libraries\levmar-2.6\include\Debug\lmbc.obj
C:\Users\PhG\Desktop\Code\Libraries\levmar-2.6\include\Debug\lmblec.obj
C:\Users\PhG\Desktop\Code\Libraries\levmar-2.6\include\Debug\lmbleic.obj
C:\Users\PhG\Desktop\Code\Libraries\levmar-2.6\include\Debug\lmdemo.obj
C:\Users\PhG\Desktop\Code\Libraries\levmar-2.6\include\Debug\lmlec.obj
C:\Users\PhG\Desktop\Code\Libraries\levmar-2.6\include\Debug\misc.obj
C:\Users\PhG\Desktop\Code\Libraries\levmar-2.6\include\Debug\cl.command.1.tlog
C:\Users\PhG\Desktop\Code\Libraries\levmar-2.6\include\Debug\CL.read.1.tlog
C:\Users\PhG\Desktop\Code\Libraries\levmar-2.6\include\Debug\CL.write.1.tlog
C:\Users\PhG\Desktop\Code\Libraries\levmar-2.6\include\Debug\Lib-link.read.1.tlog
C:\Users\PhG\Desktop\Code\Libraries\levmar-2.6\include\Debug\Lib-link.write.1.tlog
C:\Users\PhG\Desktop\Code\Libraries\levmar-2.6\include\Debug\lib.command.1.tlog
C:\Users\PhG\Desktop\Code\Libraries\levmar-2.6\include\Debug\vc110.idb
C:\Users\PhG\Desktop\Code\Libraries\levmar-2.6\include\Debug\vc110.pdb
C:\Users\PhG\Desktop\Code\Libraries\levmar-2.6\include\..\lib\levmar32d.lib
