C:\USERS\PHG\DESKTOP\CODE\LIBRARIES\LEVMAR-2.6\INCLUDE\X64\RELEASE\MISC.OBJ
C:\USERS\PHG\DESKTOP\CODE\LIBRARIES\LEVMAR-2.6\INCLUDE\X64\RELEASE\LMLEC.OBJ
C:\USERS\PHG\DESKTOP\CODE\LIBRARIES\LEVMAR-2.6\INCLUDE\X64\RELEASE\LMDEMO.OBJ
C:\USERS\PHG\DESKTOP\CODE\LIBRARIES\LEVMAR-2.6\INCLUDE\X64\RELEASE\LMBLEIC.OBJ
C:\USERS\PHG\DESKTOP\CODE\LIBRARIES\LEVMAR-2.6\INCLUDE\X64\RELEASE\LMBLEC.OBJ
C:\USERS\PHG\DESKTOP\CODE\LIBRARIES\LEVMAR-2.6\INCLUDE\X64\RELEASE\LMBC.OBJ
C:\USERS\PHG\DESKTOP\CODE\LIBRARIES\LEVMAR-2.6\INCLUDE\X64\RELEASE\LM.OBJ
C:\USERS\PHG\DESKTOP\CODE\LIBRARIES\LEVMAR-2.6\INCLUDE\X64\RELEASE\AXB.OBJ
C:\USERS\PHG\DESKTOP\CODE\LIBRARIES\LEVMAR-2.6\INCLUDE\X64\RELEASE\VC110.PDB
C:\USERS\PHG\DESKTOP\CODE\LIBRARIES\LEVMAR-2.6\INCLUDE\X64\RELEASE\LEVMAR64.LIB
C:\Users\PhG\Desktop\Code\Libraries\levmar-2.6\include\x64\Release\Axb.obj
C:\Users\PhG\Desktop\Code\Libraries\levmar-2.6\include\x64\Release\lm.obj
C:\Users\PhG\Desktop\Code\Libraries\levmar-2.6\include\x64\Release\lmbc.obj
C:\Users\PhG\Desktop\Code\Libraries\levmar-2.6\include\x64\Release\lmblec.obj
C:\Users\PhG\Desktop\Code\Libraries\levmar-2.6\include\x64\Release\lmbleic.obj
C:\Users\PhG\Desktop\Code\Libraries\levmar-2.6\include\x64\Release\lmdemo.obj
C:\Users\PhG\Desktop\Code\Libraries\levmar-2.6\include\x64\Release\lmlec.obj
C:\Users\PhG\Desktop\Code\Libraries\levmar-2.6\include\x64\Release\misc.obj
C:\Users\PhG\Desktop\Code\Libraries\levmar-2.6\include\x64\Release\cl.command.1.tlog
C:\Users\PhG\Desktop\Code\Libraries\levmar-2.6\include\x64\Release\CL.read.1.tlog
C:\Users\PhG\Desktop\Code\Libraries\levmar-2.6\include\x64\Release\CL.write.1.tlog
C:\Users\PhG\Desktop\Code\Libraries\levmar-2.6\include\x64\Release\Lib-link.read.1.tlog
C:\Users\PhG\Desktop\Code\Libraries\levmar-2.6\include\x64\Release\Lib-link.write.1.tlog
C:\Users\PhG\Desktop\Code\Libraries\levmar-2.6\include\x64\Release\lib.command.1.tlog
C:\Users\PhG\Desktop\Code\Libraries\levmar-2.6\include\x64\Release\vc110.pdb
